Starting OrderServiceImplTest on LAPTOP-0ECG6CSM with PID 18472 (started by 38134 in D:\programming\EE)
No active profile set, falling back to default profiles: default
Refreshing org.springframework.web.context.support.GenericWebApplicationContext@7ba8c737: startup date [Thu Aug 09 15:44:19 CST 2018]; root of context hierarchy
Bean 'org.springframework.transaction.annotation.ProxyTransactionManagementConfiguration' of type [org.springframework.transaction.annotation.ProxyTransactionManagementConfiguration$$EnhancerBySpringCGLIB$$da6fe334] is not eligible for getting processed by all BeanPostProcessors (for example: not eligible for auto-proxying)
HikariPool-1 - Starting...
HikariPool-1 - Start completed.
Building JPA container EntityManagerFactory for persistence unit 'default'
HHH000204: Processing PersistenceUnitInfo [
	name: default
	...]
HHH000412: Hibernate Core {5.2.17.Final}
HHH000206: hibernate.properties not found
HCANN000001: Hibernate Commons Annotations {5.0.1.Final}
HHH000400: Using dialect: org.hibernate.dialect.MySQL5Dialect
Initialized JPA EntityManagerFactory for persistence unit 'default'
Mapped URL path [/**/favicon.ico] onto handler of type [class org.springframework.web.servlet.resource.ResourceHttpRequestHandler]
Looking for @ControllerAdvice: org.springframework.web.context.support.GenericWebApplicationContext@7ba8c737: startup date [Thu Aug 09 15:44:19 CST 2018]; root of context hierarchy
Mapped "{[/buyer/product/list],methods=[GET]}" onto public com.bitekeji.weixinsell.VO.ResultVO com.bitekeji.weixinsell.controller.BuyerProductController.list()
Mapped "{[/error]}" onto public org.springframework.http.ResponseEntity<java.util.Map<java.lang.String, java.lang.Object>> org.springframework.boot.autoconfigure.web.servlet.error.BasicErrorController.error(javax.servlet.http.HttpServletRequest)
Mapped "{[/error],produces=[text/html]}" onto public org.springframework.web.servlet.ModelAndView org.springframework.boot.autoconfigure.web.servlet.error.BasicErrorController.errorHtml(javax.servlet.http.HttpServletRequest,javax.servlet.http.HttpServletResponse)
Mapped URL path [/webjars/**] onto handler of type [class org.springframework.web.servlet.resource.ResourceHttpRequestHandler]
Mapped URL path [/**] onto handler of type [class org.springframework.web.servlet.resource.ResourceHttpRequestHandler]
Adding welcome page: class path resource [static/index.html]
Started OrderServiceImplTest in 6.233 seconds (JVM running for 7.954)
Closing org.springframework.web.context.support.GenericWebApplicationContext@7ba8c737: startup date [Thu Aug 09 15:44:19 CST 2018]; root of context hierarchy
Closing JPA EntityManagerFactory for persistence unit 'default'
HikariPool-1 - Shutdown initiated...
HikariPool-1 - Shutdown completed.
Starting OrderServiceImplTest on LAPTOP-0ECG6CSM with PID 40864 (started by 38134 in D:\programming\EE)
No active profile set, falling back to default profiles: default
Refreshing org.springframework.web.context.support.GenericWebApplicationContext@56dc1551: startup date [Thu Aug 09 15:49:04 CST 2018]; root of context hierarchy
Bean 'org.springframework.transaction.annotation.ProxyTransactionManagementConfiguration' of type [org.springframework.transaction.annotation.ProxyTransactionManagementConfiguration$$EnhancerBySpringCGLIB$$8a6a3830] is not eligible for getting processed by all BeanPostProcessors (for example: not eligible for auto-proxying)
HikariPool-1 - Starting...
HikariPool-1 - Start completed.
Building JPA container EntityManagerFactory for persistence unit 'default'
HHH000204: Processing PersistenceUnitInfo [
	name: default
	...]
HHH000412: Hibernate Core {5.2.17.Final}
HHH000206: hibernate.properties not found
HCANN000001: Hibernate Commons Annotations {5.0.1.Final}
HHH000400: Using dialect: org.hibernate.dialect.MySQL5Dialect
Initialized JPA EntityManagerFactory for persistence unit 'default'
Mapped URL path [/**/favicon.ico] onto handler of type [class org.springframework.web.servlet.resource.ResourceHttpRequestHandler]
Looking for @ControllerAdvice: org.springframework.web.context.support.GenericWebApplicationContext@56dc1551: startup date [Thu Aug 09 15:49:04 CST 2018]; root of context hierarchy
Mapped "{[/buyer/product/list],methods=[GET]}" onto public com.bitekeji.weixinsell.VO.ResultVO com.bitekeji.weixinsell.controller.BuyerProductController.list()
Mapped "{[/error]}" onto public org.springframework.http.ResponseEntity<java.util.Map<java.lang.String, java.lang.Object>> org.springframework.boot.autoconfigure.web.servlet.error.BasicErrorController.error(javax.servlet.http.HttpServletRequest)
Mapped "{[/error],produces=[text/html]}" onto public org.springframework.web.servlet.ModelAndView org.springframework.boot.autoconfigure.web.servlet.error.BasicErrorController.errorHtml(javax.servlet.http.HttpServletRequest,javax.servlet.http.HttpServletResponse)
Mapped URL path [/webjars/**] onto handler of type [class org.springframework.web.servlet.resource.ResourceHttpRequestHandler]
Mapped URL path [/**] onto handler of type [class org.springframework.web.servlet.resource.ResourceHttpRequestHandler]
Adding welcome page: class path resource [static/index.html]
Started OrderServiceImplTest in 5.225 seconds (JVM running for 6.422)
Closing org.springframework.web.context.support.GenericWebApplicationContext@56dc1551: startup date [Thu Aug 09 15:49:04 CST 2018]; root of context hierarchy
Closing JPA EntityManagerFactory for persistence unit 'default'
HikariPool-1 - Shutdown initiated...
HikariPool-1 - Shutdown completed.
Starting OrderServiceImplTest on LAPTOP-0ECG6CSM with PID 17928 (started by 38134 in D:\programming\EE)
No active profile set, falling back to default profiles: default
Refreshing org.springframework.web.context.support.GenericWebApplicationContext@fff25f1: startup date [Thu Aug 09 15:52:29 CST 2018]; root of context hierarchy
Bean 'org.springframework.transaction.annotation.ProxyTransactionManagementConfiguration' of type [org.springframework.transaction.annotation.ProxyTransactionManagementConfiguration$$EnhancerBySpringCGLIB$$5fb1384e] is not eligible for getting processed by all BeanPostProcessors (for example: not eligible for auto-proxying)
HikariPool-1 - Starting...
HikariPool-1 - Start completed.
Building JPA container EntityManagerFactory for persistence unit 'default'
HHH000204: Processing PersistenceUnitInfo [
	name: default
	...]
HHH000412: Hibernate Core {5.2.17.Final}
HHH000206: hibernate.properties not found
HCANN000001: Hibernate Commons Annotations {5.0.1.Final}
HHH000400: Using dialect: org.hibernate.dialect.MySQL5Dialect
Initialized JPA EntityManagerFactory for persistence unit 'default'
Mapped URL path [/**/favicon.ico] onto handler of type [class org.springframework.web.servlet.resource.ResourceHttpRequestHandler]
Looking for @ControllerAdvice: org.springframework.web.context.support.GenericWebApplicationContext@fff25f1: startup date [Thu Aug 09 15:52:29 CST 2018]; root of context hierarchy
Mapped "{[/buyer/product/list],methods=[GET]}" onto public com.bitekeji.weixinsell.VO.ResultVO com.bitekeji.weixinsell.controller.BuyerProductController.list()
Mapped "{[/error]}" onto public org.springframework.http.ResponseEntity<java.util.Map<java.lang.String, java.lang.Object>> org.springframework.boot.autoconfigure.web.servlet.error.BasicErrorController.error(javax.servlet.http.HttpServletRequest)
Mapped "{[/error],produces=[text/html]}" onto public org.springframework.web.servlet.ModelAndView org.springframework.boot.autoconfigure.web.servlet.error.BasicErrorController.errorHtml(javax.servlet.http.HttpServletRequest,javax.servlet.http.HttpServletResponse)
Mapped URL path [/webjars/**] onto handler of type [class org.springframework.web.servlet.resource.ResourceHttpRequestHandler]
Mapped URL path [/**] onto handler of type [class org.springframework.web.servlet.resource.ResourceHttpRequestHandler]
Adding welcome page: class path resource [static/index.html]
Started OrderServiceImplTest in 6.059 seconds (JVM running for 8.008)
Starting OrderServiceImplTest on LAPTOP-0ECG6CSM with PID 38012 (started by 38134 in D:\programming\EE)
No active profile set, falling back to default profiles: default
Refreshing org.springframework.web.context.support.GenericWebApplicationContext@41394595: startup date [Thu Aug 09 15:54:13 CST 2018]; root of context hierarchy
Bean 'org.springframework.transaction.annotation.ProxyTransactionManagementConfiguration' of type [org.springframework.transaction.annotation.ProxyTransactionManagementConfiguration$$EnhancerBySpringCGLIB$$6906433d] is not eligible for getting processed by all BeanPostProcessors (for example: not eligible for auto-proxying)
HikariPool-1 - Starting...
HikariPool-1 - Start completed.
Building JPA container EntityManagerFactory for persistence unit 'default'
HHH000204: Processing PersistenceUnitInfo [
	name: default
	...]
HHH000412: Hibernate Core {5.2.17.Final}
HHH000206: hibernate.properties not found
HCANN000001: Hibernate Commons Annotations {5.0.1.Final}
HHH000400: Using dialect: org.hibernate.dialect.MySQL5Dialect
Initialized JPA EntityManagerFactory for persistence unit 'default'
Mapped URL path [/**/favicon.ico] onto handler of type [class org.springframework.web.servlet.resource.ResourceHttpRequestHandler]
Looking for @ControllerAdvice: org.springframework.web.context.support.GenericWebApplicationContext@41394595: startup date [Thu Aug 09 15:54:13 CST 2018]; root of context hierarchy
Mapped "{[/buyer/product/list],methods=[GET]}" onto public com.bitekeji.weixinsell.VO.ResultVO com.bitekeji.weixinsell.controller.BuyerProductController.list()
Mapped "{[/error]}" onto public org.springframework.http.ResponseEntity<java.util.Map<java.lang.String, java.lang.Object>> org.springframework.boot.autoconfigure.web.servlet.error.BasicErrorController.error(javax.servlet.http.HttpServletRequest)
Mapped "{[/error],produces=[text/html]}" onto public org.springframework.web.servlet.ModelAndView org.springframework.boot.autoconfigure.web.servlet.error.BasicErrorController.errorHtml(javax.servlet.http.HttpServletRequest,javax.servlet.http.HttpServletResponse)
Mapped URL path [/webjars/**] onto handler of type [class org.springframework.web.servlet.resource.ResourceHttpRequestHandler]
Mapped URL path [/**] onto handler of type [class org.springframework.web.servlet.resource.ResourceHttpRequestHandler]
Adding welcome page: class path resource [static/index.html]
Started OrderServiceImplTest in 7.077 seconds (JVM running for 8.665)
HikariPool-1 - Thread starvation or clock leap detected (housekeeper delta=1m4s224ms475µs272ns).
SQL Error: 1048, SQLState: 23000
Closing org.springframework.web.context.support.GenericWebApplicationContext@41394595: startup date [Thu Aug 09 15:54:13 CST 2018]; root of context hierarchy
Closing JPA EntityManagerFactory for persistence unit 'default'
HikariPool-1 - Shutdown initiated...
HikariPool-1 - Shutdown completed.
Starting OrderServiceImplTest on LAPTOP-0ECG6CSM with PID 9484 (started by 38134 in D:\programming\EE)
No active profile set, falling back to default profiles: default
Refreshing org.springframework.web.context.support.GenericWebApplicationContext@15a04efb: startup date [Thu Aug 09 15:57:06 CST 2018]; root of context hierarchy
Bean 'org.springframework.transaction.annotation.ProxyTransactionManagementConfiguration' of type [org.springframework.transaction.annotation.ProxyTransactionManagementConfiguration$$EnhancerBySpringCGLIB$$d96c286e] is not eligible for getting processed by all BeanPostProcessors (for example: not eligible for auto-proxying)
HikariPool-1 - Starting...
HikariPool-1 - Start completed.
Building JPA container EntityManagerFactory for persistence unit 'default'
HHH000204: Processing PersistenceUnitInfo [
	name: default
	...]
HHH000412: Hibernate Core {5.2.17.Final}
HHH000206: hibernate.properties not found
HCANN000001: Hibernate Commons Annotations {5.0.1.Final}
HHH000400: Using dialect: org.hibernate.dialect.MySQL5Dialect
Initialized JPA EntityManagerFactory for persistence unit 'default'
Mapped URL path [/**/favicon.ico] onto handler of type [class org.springframework.web.servlet.resource.ResourceHttpRequestHandler]
Looking for @ControllerAdvice: org.springframework.web.context.support.GenericWebApplicationContext@15a04efb: startup date [Thu Aug 09 15:57:06 CST 2018]; root of context hierarchy
Mapped "{[/buyer/product/list],methods=[GET]}" onto public com.bitekeji.weixinsell.VO.ResultVO com.bitekeji.weixinsell.controller.BuyerProductController.list()
Mapped "{[/error]}" onto public org.springframework.http.ResponseEntity<java.util.Map<java.lang.String, java.lang.Object>> org.springframework.boot.autoconfigure.web.servlet.error.BasicErrorController.error(javax.servlet.http.HttpServletRequest)
Mapped "{[/error],produces=[text/html]}" onto public org.springframework.web.servlet.ModelAndView org.springframework.boot.autoconfigure.web.servlet.error.BasicErrorController.errorHtml(javax.servlet.http.HttpServletRequest,javax.servlet.http.HttpServletResponse)
Mapped URL path [/webjars/**] onto handler of type [class org.springframework.web.servlet.resource.ResourceHttpRequestHandler]
Mapped URL path [/**] onto handler of type [class org.springframework.web.servlet.resource.ResourceHttpRequestHandler]
Adding welcome page: class path resource [static/index.html]
Started OrderServiceImplTest in 11.243 seconds (JVM running for 12.479)
SQL Error: 1048, SQLState: 23000
Closing org.springframework.web.context.support.GenericWebApplicationContext@15a04efb: startup date [Thu Aug 09 15:57:06 CST 2018]; root of context hierarchy
Closing JPA EntityManagerFactory for persistence unit 'default'
HikariPool-1 - Shutdown initiated...
HikariPool-1 - Shutdown completed.
Starting OrderServiceImplTest on LAPTOP-0ECG6CSM with PID 26848 (started by 38134 in D:\programming\EE)
No active profile set, falling back to default profiles: default
Refreshing org.springframework.web.context.support.GenericWebApplicationContext@5dda6f9: startup date [Thu Aug 09 15:58:14 CST 2018]; root of context hierarchy
Bean 'org.springframework.transaction.annotation.ProxyTransactionManagementConfiguration' of type [org.springframework.transaction.annotation.ProxyTransactionManagementConfiguration$$EnhancerBySpringCGLIB$$232e9a76] is not eligible for getting processed by all BeanPostProcessors (for example: not eligible for auto-proxying)
HikariPool-1 - Starting...
HikariPool-1 - Start completed.
Building JPA container EntityManagerFactory for persistence unit 'default'
HHH000204: Processing PersistenceUnitInfo [
	name: default
	...]
HHH000412: Hibernate Core {5.2.17.Final}
HHH000206: hibernate.properties not found
HCANN000001: Hibernate Commons Annotations {5.0.1.Final}
HHH000400: Using dialect: org.hibernate.dialect.MySQL5Dialect
Initialized JPA EntityManagerFactory for persistence unit 'default'
Mapped URL path [/**/favicon.ico] onto handler of type [class org.springframework.web.servlet.resource.ResourceHttpRequestHandler]
Looking for @ControllerAdvice: org.springframework.web.context.support.GenericWebApplicationContext@5dda6f9: startup date [Thu Aug 09 15:58:14 CST 2018]; root of context hierarchy
Mapped "{[/buyer/product/list],methods=[GET]}" onto public com.bitekeji.weixinsell.VO.ResultVO com.bitekeji.weixinsell.controller.BuyerProductController.list()
Mapped "{[/error]}" onto public org.springframework.http.ResponseEntity<java.util.Map<java.lang.String, java.lang.Object>> org.springframework.boot.autoconfigure.web.servlet.error.BasicErrorController.error(javax.servlet.http.HttpServletRequest)
Mapped "{[/error],produces=[text/html]}" onto public org.springframework.web.servlet.ModelAndView org.springframework.boot.autoconfigure.web.servlet.error.BasicErrorController.errorHtml(javax.servlet.http.HttpServletRequest,javax.servlet.http.HttpServletResponse)
Mapped URL path [/webjars/**] onto handler of type [class org.springframework.web.servlet.resource.ResourceHttpRequestHandler]
Mapped URL path [/**] onto handler of type [class org.springframework.web.servlet.resource.ResourceHttpRequestHandler]
Adding welcome page: class path resource [static/index.html]
Started OrderServiceImplTest in 14.356 seconds (JVM running for 17.47)
HikariPool-1 - Thread starvation or clock leap detected (housekeeper delta=56s676ms349µs332ns).
SQL Error: 1048, SQLState: 23000
Closing org.springframework.web.context.support.GenericWebApplicationContext@5dda6f9: startup date [Thu Aug 09 15:58:14 CST 2018]; root of context hierarchy
Closing JPA EntityManagerFactory for persistence unit 'default'
HikariPool-1 - Shutdown initiated...
HikariPool-1 - Shutdown completed.
Starting OrderServiceImplTest on LAPTOP-0ECG6CSM with PID 40880 (started by 38134 in D:\programming\EE)
No active profile set, falling back to default profiles: default
Refreshing org.springframework.web.context.support.GenericWebApplicationContext@2f3c6ac4: startup date [Thu Aug 09 16:05:38 CST 2018]; root of context hierarchy
Bean 'org.springframework.transaction.annotation.ProxyTransactionManagementConfiguration' of type [org.springframework.transaction.annotation.ProxyTransactionManagementConfiguration$$EnhancerBySpringCGLIB$$9bc281b3] is not eligible for getting processed by all BeanPostProcessors (for example: not eligible for auto-proxying)
HikariPool-1 - Starting...
HikariPool-1 - Start completed.
Building JPA container EntityManagerFactory for persistence unit 'default'
HHH000204: Processing PersistenceUnitInfo [
	name: default
	...]
HHH000412: Hibernate Core {5.2.17.Final}
HHH000206: hibernate.properties not found
HCANN000001: Hibernate Commons Annotations {5.0.1.Final}
HHH000400: Using dialect: org.hibernate.dialect.MySQL5Dialect
Initialized JPA EntityManagerFactory for persistence unit 'default'
Mapped URL path [/**/favicon.ico] onto handler of type [class org.springframework.web.servlet.resource.ResourceHttpRequestHandler]
Looking for @ControllerAdvice: org.springframework.web.context.support.GenericWebApplicationContext@2f3c6ac4: startup date [Thu Aug 09 16:05:38 CST 2018]; root of context hierarchy
Mapped "{[/buyer/product/list],methods=[GET]}" onto public com.bitekeji.weixinsell.VO.ResultVO com.bitekeji.weixinsell.controller.BuyerProductController.list()
Mapped "{[/error]}" onto public org.springframework.http.ResponseEntity<java.util.Map<java.lang.String, java.lang.Object>> org.springframework.boot.autoconfigure.web.servlet.error.BasicErrorController.error(javax.servlet.http.HttpServletRequest)
Mapped "{[/error],produces=[text/html]}" onto public org.springframework.web.servlet.ModelAndView org.springframework.boot.autoconfigure.web.servlet.error.BasicErrorController.errorHtml(javax.servlet.http.HttpServletRequest,javax.servlet.http.HttpServletResponse)
Mapped URL path [/webjars/**] onto handler of type [class org.springframework.web.servlet.resource.ResourceHttpRequestHandler]
Mapped URL path [/**] onto handler of type [class org.springframework.web.servlet.resource.ResourceHttpRequestHandler]
Adding welcome page: class path resource [static/index.html]
Started OrderServiceImplTest in 15.639 seconds (JVM running for 18.931)
SQL Error: 1048, SQLState: 23000
Closing org.springframework.web.context.support.GenericWebApplicationContext@2f3c6ac4: startup date [Thu Aug 09 16:05:38 CST 2018]; root of context hierarchy
Closing JPA EntityManagerFactory for persistence unit 'default'
HikariPool-1 - Shutdown initiated...
HikariPool-1 - Shutdown completed.
Starting OrderServiceImplTest on LAPTOP-0ECG6CSM with PID 9940 (started by 38134 in D:\programming\EE)
No active profile set, falling back to default profiles: default
Refreshing org.springframework.web.context.support.GenericWebApplicationContext@7ba8c737: startup date [Thu Aug 09 16:06:45 CST 2018]; root of context hierarchy
Bean 'org.springframework.transaction.annotation.ProxyTransactionManagementConfiguration' of type [org.springframework.transaction.annotation.ProxyTransactionManagementConfiguration$$EnhancerBySpringCGLIB$$a19ca324] is not eligible for getting processed by all BeanPostProcessors (for example: not eligible for auto-proxying)
HikariPool-1 - Starting...
HikariPool-1 - Start completed.
Building JPA container EntityManagerFactory for persistence unit 'default'
HHH000204: Processing PersistenceUnitInfo [
	name: default
	...]
HHH000412: Hibernate Core {5.2.17.Final}
HHH000206: hibernate.properties not found
HCANN000001: Hibernate Commons Annotations {5.0.1.Final}
HHH000400: Using dialect: org.hibernate.dialect.MySQL5Dialect
Initialized JPA EntityManagerFactory for persistence unit 'default'
Mapped URL path [/**/favicon.ico] onto handler of type [class org.springframework.web.servlet.resource.ResourceHttpRequestHandler]
Looking for @ControllerAdvice: org.springframework.web.context.support.GenericWebApplicationContext@7ba8c737: startup date [Thu Aug 09 16:06:45 CST 2018]; root of context hierarchy
Mapped "{[/buyer/product/list],methods=[GET]}" onto public com.bitekeji.weixinsell.VO.ResultVO com.bitekeji.weixinsell.controller.BuyerProductController.list()
Mapped "{[/error]}" onto public org.springframework.http.ResponseEntity<java.util.Map<java.lang.String, java.lang.Object>> org.springframework.boot.autoconfigure.web.servlet.error.BasicErrorController.error(javax.servlet.http.HttpServletRequest)
Mapped "{[/error],produces=[text/html]}" onto public org.springframework.web.servlet.ModelAndView org.springframework.boot.autoconfigure.web.servlet.error.BasicErrorController.errorHtml(javax.servlet.http.HttpServletRequest,javax.servlet.http.HttpServletResponse)
Mapped URL path [/webjars/**] onto handler of type [class org.springframework.web.servlet.resource.ResourceHttpRequestHandler]
Mapped URL path [/**] onto handler of type [class org.springframework.web.servlet.resource.ResourceHttpRequestHandler]
Adding welcome page: class path resource [static/index.html]
Started OrderServiceImplTest in 12.6 seconds (JVM running for 15.129)
[result] OrderDTO(orderId=null, buyerName=蛋哥, buyerPhone=15291082266, buyerAddress=科大时代广场比特科技, buyerOpenid=110110, orderAmount=null, orderStatus=null, payStatus=null, createTime=null, updateTime=null, orderDetailList=[OrderDetail(detailId=1533802017313585891, orderId=1533802017164909959, productId=123456, productName=胡辣汤, productPrice=3.50, productQuantity=1, productIcon=http://xxxx.jpg)])
Closing org.springframework.web.context.support.GenericWebApplicationContext@7ba8c737: startup date [Thu Aug 09 16:06:45 CST 2018]; root of context hierarchy
Closing JPA EntityManagerFactory for persistence unit 'default'
HikariPool-1 - Shutdown initiated...
HikariPool-1 - Shutdown completed.
Starting OrderServiceImplTest on LAPTOP-0ECG6CSM with PID 1020 (started by 38134 in D:\programming\EE)
No active profile set, falling back to default profiles: default
Refreshing org.springframework.web.context.support.GenericWebApplicationContext@16c069df: startup date [Thu Aug 09 16:15:37 CST 2018]; root of context hierarchy
Bean 'org.springframework.transaction.annotation.ProxyTransactionManagementConfiguration' of type [org.springframework.transaction.annotation.ProxyTransactionManagementConfiguration$$EnhancerBySpringCGLIB$$a19ca324] is not eligible for getting processed by all BeanPostProcessors (for example: not eligible for auto-proxying)
HikariPool-1 - Starting...
HikariPool-1 - Start completed.
Building JPA container EntityManagerFactory for persistence unit 'default'
HHH000204: Processing PersistenceUnitInfo [
	name: default
	...]
HHH000412: Hibernate Core {5.2.17.Final}
HHH000206: hibernate.properties not found
HCANN000001: Hibernate Commons Annotations {5.0.1.Final}
HHH000400: Using dialect: org.hibernate.dialect.MySQL5Dialect
Initialized JPA EntityManagerFactory for persistence unit 'default'
Mapped URL path [/**/favicon.ico] onto handler of type [class org.springframework.web.servlet.resource.ResourceHttpRequestHandler]
Looking for @ControllerAdvice: org.springframework.web.context.support.GenericWebApplicationContext@16c069df: startup date [Thu Aug 09 16:15:37 CST 2018]; root of context hierarchy
Mapped "{[/buyer/product/list],methods=[GET]}" onto public com.bitekeji.weixinsell.VO.ResultVO com.bitekeji.weixinsell.controller.BuyerProductController.list()
Mapped "{[/error]}" onto public org.springframework.http.ResponseEntity<java.util.Map<java.lang.String, java.lang.Object>> org.springframework.boot.autoconfigure.web.servlet.error.BasicErrorController.error(javax.servlet.http.HttpServletRequest)
Mapped "{[/error],produces=[text/html]}" onto public org.springframework.web.servlet.ModelAndView org.springframework.boot.autoconfigure.web.servlet.error.BasicErrorController.errorHtml(javax.servlet.http.HttpServletRequest,javax.servlet.http.HttpServletResponse)
Mapped URL path [/webjars/**] onto handler of type [class org.springframework.web.servlet.resource.ResourceHttpRequestHandler]
Mapped URL path [/**] onto handler of type [class org.springframework.web.servlet.resource.ResourceHttpRequestHandler]
Adding welcome page: class path resource [static/index.html]
Started OrderServiceImplTest in 4.924 seconds (JVM running for 6.099)
Closing org.springframework.web.context.support.GenericWebApplicationContext@16c069df: startup date [Thu Aug 09 16:15:37 CST 2018]; root of context hierarchy
Closing JPA EntityManagerFactory for persistence unit 'default'
HikariPool-1 - Shutdown initiated...
HikariPool-1 - Shutdown completed.
HikariPool-1 - Thread starvation or clock leap detected (housekeeper delta=59m52s587ms158µs489ns).
